Using pre-set license
Built from '2020.3/staging' branch; Version is '2020.3.3f1 (76626098c1c4) revision 7758432'; Using compiler version '192528614'; Build Type 'Release'
OS: 'Windows 10 Home; OS build 18363.1500; Version 1909; 64bit' Language: 'en' Physical Memory: 8036 MB
BatchMode: 1, IsHumanControllingUs: 0, StartBugReporterOnCrash: 0, Is64bit: 1, IsPro: 0

 COMMAND LINE ARGUMENTS:
C:\Program Files\Unity\Hub\Editor\2020.3.3f1\Editor\Unity.exe
-adb2
-batchMode
-noUpm
-name
AssetImportWorker0
-projectPath
D:/Uni/Year 3/Computing Project/Project/Kalopsia
-logFile
Logs/AssetImportWorker0.log
-srvPort
58201
Successfully changed project path to: D:/Uni/Year 3/Computing Project/Project/Kalopsia
D:/Uni/Year 3/Computing Project/Project/Kalopsia
Using Asset Import Pipeline V2.
Refreshing native plugins compatible for Editor in 36.58 ms, found 0 plugins.
Preloading 0 native plugins for Editor in 0.00 ms.
Initialize engine version: 2020.3.3f1 (76626098c1c4)
[Subsystems] Discovering subsystems at path C:/Program Files/Unity/Hub/Editor/2020.3.3f1/Editor/Data/Resources/UnitySubsystems
[Subsystems] Discovering subsystems at path D:/Uni/Year 3/Computing Project/Project/Kalopsia/Assets
GfxDevice: creating device client; threaded=0
Direct3D:
    Version:  Direct3D 11.0 [level 11.1]
    Renderer: NVIDIA GeForce GTX 1050 (ID=0x1c91)
    Vendor:   
    VRAM:     2996 MB
    Driver:   27.21.14.6611
Initialize mono
Mono path[0] = 'C:/Program Files/Unity/Hub/Editor/2020.3.3f1/Editor/Data/Managed'
Mono path[1] = 'C:/Program Files/Unity/Hub/Editor/2020.3.3f1/Editor/Data/MonoBleedingEdge/lib/mono/unityjit'
Mono config path = 'C:/Program Files/Unity/Hub/Editor/2020.3.3f1/Editor/Data/MonoBleedingEdge/etc'
Using monoOptions --debugger-agent=transport=dt_socket,embedding=1,server=y,suspend=n,address=127.0.0.1:56516
Begin MonoManager ReloadAssembly
Registering precompiled unity dll's ...
Register platform support module: C:/Program Files/Unity/Hub/Editor/2020.3.3f1/Editor/Data/PlaybackEngines/WindowsStandaloneSupport/UnityEditor.WindowsStandalone.Extensions.dll
Registered in 0.002354 seconds.
Native extension for WindowsStandalone target not found
Refreshing native plugins compatible for Editor in 33.39 ms, found 0 plugins.
Preloading 0 native plugins for Editor in 0.00 ms.
Invoked RoslynAnalysisRunner static constructor.
RoslynAnalysisRunner will not be running.
RoslynAnalysisRunner has terminated.
Mono: successfully reloaded assembly
- Completed reload, in  2.835 seconds
Platform modules already initialized, skipping
Registering precompiled user dll's ...
Registered in 0.000685 seconds.
Begin MonoManager ReloadAssembly
Native extension for WindowsStandalone target not found
Refreshing native plugins compatible for Editor in 0.51 ms, found 0 plugins.
Preloading 0 native plugins for Editor in 0.00 ms.
Invoked RoslynAnalysisRunner static constructor.
RoslynAnalysisRunner will not be running.
RoslynAnalysisRunner has terminated.
Mono: successfully reloaded assembly
- Completed reload, in  1.165 seconds
Platform modules already initialized, skipping
========================================================================
Worker process is ready to serve import requests
Launched and connected shader compiler UnityShaderCompiler.exe after 0.11 seconds
Refreshing native plugins compatible for Editor in 0.27 ms, found 0 plugins.
Preloading 0 native plugins for Editor in 0.00 ms.
Unloading 1132 Unused Serialized files (Serialized files now loaded: 0)
System memory in use before: 58.3 MB.
System memory in use after: 58.4 MB.

Unloading 9 unused Assets to reduce memory usage. Loaded Objects now: 1577.
Total: 3.013900 ms (FindLiveObjects: 0.179400 ms CreateObjectMapping: 0.055000 ms MarkObjects: 2.686500 ms  DeleteObjects: 0.091800 ms)

========================================================================
Received Import Request.
  path: Assets/Scripts/MapGenerator.cs
  artifactKey: Guid(bc4032450614369468a524f39baa7770) Importer(815301076,1909f56bfc062723c751e8b465ee728b)
Start importing Assets/Scripts/MapGenerator.cs using Guid(bc4032450614369468a524f39baa7770) Importer(815301076,1909f56bfc062723c751e8b465ee728b)  -> (artifact id: '4706eab5f225ffc20de6ef21c37619e5') in 0.113702 seconds
  Import took 0.157102 seconds .

========================================================================
Received Import Request.
  Time since last request: 255.258152 seconds.
  path: Assets/Scripts/ThreadedDataRequester.cs
  artifactKey: Guid(a92f5968f7ce5de42905ca33d01736ee) Importer(815301076,1909f56bfc062723c751e8b465ee728b)
Start importing Assets/Scripts/ThreadedDataRequester.cs using Guid(a92f5968f7ce5de42905ca33d01736ee) Importer(815301076,1909f56bfc062723c751e8b465ee728b)  -> (artifact id: '2be56344e0f51636c3f9ad0857c8eea2') in 0.011871 seconds
  Import took 0.016398 seconds .

========================================================================
Received Prepare
Registering precompiled user dll's ...
Registered in 0.001174 seconds.
Begin MonoManager ReloadAssembly
Native extension for WindowsStandalone target not found
Refreshing native plugins compatible for Editor in 0.25 ms, found 0 plugins.
Preloading 0 native plugins for Editor in 0.00 ms.
Invoked RoslynAnalysisRunner static constructor.
RoslynAnalysisRunner will not be running.
RoslynAnalysisRunner has terminated.
Mono: successfully reloaded assembly
- Completed reload, in  1.213 seconds
Platform modules already initialized, skipping
Refreshing native plugins compatible for Editor in 0.41 ms, found 0 plugins.
Preloading 0 native plugins for Editor in 0.00 ms.
Unloading 1127 Unused Serialized files (Serialized files now loaded: 0)
System memory in use before: 58.2 MB.
System memory in use after: 58.3 MB.

Unloading 4 unused Assets to reduce memory usage. Loaded Objects now: 1581.
Total: 1.982700 ms (FindLiveObjects: 0.163000 ms CreateObjectMapping: 0.044000 ms MarkObjects: 1.753100 ms  DeleteObjects: 0.021300 ms)

========================================================================
Received Import Request.
  Time since last request: 903.229025 seconds.
  path: Assets/Scripts/MapGenerator.cs
  artifactKey: Guid(bc4032450614369468a524f39baa7770) Importer(815301076,1909f56bfc062723c751e8b465ee728b)
Start importing Assets/Scripts/MapGenerator.cs using Guid(bc4032450614369468a524f39baa7770) Importer(815301076,1909f56bfc062723c751e8b465ee728b)  -> (artifact id: '6b6c05e28b30217636eb5f45ce6a03dd') in 0.025887 seconds
  Import took 0.032175 seconds .

========================================================================
Received Import Request.
  Time since last request: 1151.093598 seconds.
  path: Assets/Scripts/TerrainChunk.cs
  artifactKey: Guid(67f5449a1fe4a814182da95049ac080b) Importer(815301076,1909f56bfc062723c751e8b465ee728b)
Start importing Assets/Scripts/TerrainChunk.cs using Guid(67f5449a1fe4a814182da95049ac080b) Importer(815301076,1909f56bfc062723c751e8b465ee728b)  -> (artifact id: '81017e13575c81b3eb6f00cd9f1b239e') in 0.053647 seconds
  Import took 0.057494 seconds .

========================================================================
Received Prepare
Registering precompiled user dll's ...
Registered in 0.000776 seconds.
Begin MonoManager ReloadAssembly
Native extension for WindowsStandalone target not found
Refreshing native plugins compatible for Editor in 0.21 ms, found 0 plugins.
Preloading 0 native plugins for Editor in 0.00 ms.
Invoked RoslynAnalysisRunner static constructor.
RoslynAnalysisRunner will not be running.
RoslynAnalysisRunner has terminated.
Mono: successfully reloaded assembly
- Completed reload, in  1.032 seconds
Platform modules already initialized, skipping
Refreshing native plugins compatible for Editor in 0.20 ms, found 0 plugins.
Preloading 0 native plugins for Editor in 0.00 ms.
Unloading 1128 Unused Serialized files (Serialized files now loaded: 0)
System memory in use before: 58.2 MB.
System memory in use after: 58.3 MB.

Unloading 4 unused Assets to reduce memory usage. Loaded Objects now: 1585.
Total: 65.051900 ms (FindLiveObjects: 0.133500 ms CreateObjectMapping: 0.034800 ms MarkObjects: 64.864000 ms  DeleteObjects: 0.017600 ms)

========================================================================
Received Import Request.
  Time since last request: 20914.500468 seconds.
  path: Assets/Scripts/TerrainChunk.cs
  artifactKey: Guid(67f5449a1fe4a814182da95049ac080b) Importer(815301076,1909f56bfc062723c751e8b465ee728b)
Start importing Assets/Scripts/TerrainChunk.cs using Guid(67f5449a1fe4a814182da95049ac080b) Importer(815301076,1909f56bfc062723c751e8b465ee728b)  -> (artifact id: '4cb39bb2b2e17e3b28b2b2ac1f820cca') in 0.038325 seconds
  Import took 0.040443 seconds .

========================================================================
Received Import Request.
  Time since last request: 126.583358 seconds.
  path: Assets/Scripts/TerrainGenerator.cs
  artifactKey: Guid(8e2de5eaf4b16cc4cb9349a7d4e42042) Importer(815301076,1909f56bfc062723c751e8b465ee728b)
Start importing Assets/Scripts/TerrainGenerator.cs using Guid(8e2de5eaf4b16cc4cb9349a7d4e42042) Importer(815301076,1909f56bfc062723c751e8b465ee728b)  -> (artifact id: '232f93aac9ca7f63900e76b2ec0a8709') in 0.007610 seconds
  Import took 0.010519 seconds .

========================================================================
Received Prepare
Registering precompiled user dll's ...
Registered in 0.000566 seconds.
Begin MonoManager ReloadAssembly
Native extension for WindowsStandalone target not found
Refreshing native plugins compatible for Editor in 0.25 ms, found 0 plugins.
Preloading 0 native plugins for Editor in 0.00 ms.
Invoked RoslynAnalysisRunner static constructor.
RoslynAnalysisRunner will not be running.
RoslynAnalysisRunner has terminated.
Mono: successfully reloaded assembly
- Completed reload, in  1.031 seconds
Platform modules already initialized, skipping
Refreshing native plugins compatible for Editor in 0.24 ms, found 0 plugins.
Preloading 0 native plugins for Editor in 0.00 ms.
Unloading 1128 Unused Serialized files (Serialized files now loaded: 0)
System memory in use before: 58.2 MB.
System memory in use after: 58.3 MB.

Unloading 4 unused Assets to reduce memory usage. Loaded Objects now: 1588.
Total: 1.745800 ms (FindLiveObjects: 0.179200 ms CreateObjectMapping: 0.043400 ms MarkObjects: 1.505400 ms  DeleteObjects: 0.016900 ms)

========================================================================
Received Import Request.
  Time since last request: 65.034552 seconds.
  path: Assets/Scripts/TerrainGenerator.cs
  artifactKey: Guid(8e2de5eaf4b16cc4cb9349a7d4e42042) Importer(815301076,1909f56bfc062723c751e8b465ee728b)
Start importing Assets/Scripts/TerrainGenerator.cs using Guid(8e2de5eaf4b16cc4cb9349a7d4e42042) Importer(815301076,1909f56bfc062723c751e8b465ee728b)  -> (artifact id: '6464bbfd1cf48d6feeabc1c027a65071') in 0.027181 seconds
  Import took 0.029242 seconds .

========================================================================
Received Prepare
Registering precompiled user dll's ...
Registered in 0.001152 seconds.
Begin MonoManager ReloadAssembly
Native extension for WindowsStandalone target not found
Refreshing native plugins compatible for Editor in 0.26 ms, found 0 plugins.
Preloading 0 native plugins for Editor in 0.00 ms.
Invoked RoslynAnalysisRunner static constructor.
RoslynAnalysisRunner will not be running.
RoslynAnalysisRunner has terminated.
Mono: successfully reloaded assembly
- Completed reload, in  0.931 seconds
Platform modules already initialized, skipping
Refreshing native plugins compatible for Editor in 0.22 ms, found 0 plugins.
Preloading 0 native plugins for Editor in 0.00 ms.
Unloading 1128 Unused Serialized files (Serialized files now loaded: 0)
System memory in use before: 58.3 MB.
System memory in use after: 58.3 MB.

Unloading 4 unused Assets to reduce memory usage. Loaded Objects now: 1591.
Total: 2.278700 ms (FindLiveObjects: 0.344900 ms CreateObjectMapping: 0.099000 ms MarkObjects: 1.817100 ms  DeleteObjects: 0.016200 ms)

========================================================================
Received Prepare
Registering precompiled user dll's ...
Registered in 0.000706 seconds.
Begin MonoManager ReloadAssembly
Native extension for WindowsStandalone target not found
Refreshing native plugins compatible for Editor in 0.20 ms, found 0 plugins.
Preloading 0 native plugins for Editor in 0.00 ms.
Invoked RoslynAnalysisRunner static constructor.
RoslynAnalysisRunner will not be running.
RoslynAnalysisRunner has terminated.
Mono: successfully reloaded assembly
- Completed reload, in  0.779 seconds
Platform modules already initialized, skipping
Refreshing native plugins compatible for Editor in 0.20 ms, found 0 plugins.
Preloading 0 native plugins for Editor in 0.00 ms.
Unloading 1128 Unused Serialized files (Serialized files now loaded: 0)
System memory in use before: 58.3 MB.
System memory in use after: 58.4 MB.

Unloading 4 unused Assets to reduce memory usage. Loaded Objects now: 1594.
Total: 1.677900 ms (FindLiveObjects: 0.157800 ms CreateObjectMapping: 0.047700 ms MarkObjects: 1.443400 ms  DeleteObjects: 0.027500 ms)

========================================================================
Received Prepare
Registering precompiled user dll's ...
Registered in 0.000813 seconds.
Begin MonoManager ReloadAssembly
Native extension for WindowsStandalone target not found
Refreshing native plugins compatible for Editor in 0.21 ms, found 0 plugins.
Preloading 0 native plugins for Editor in 0.00 ms.
Invoked RoslynAnalysisRunner static constructor.
RoslynAnalysisRunner will not be running.
RoslynAnalysisRunner has terminated.
Mono: successfully reloaded assembly
- Completed reload, in  0.777 seconds
Platform modules already initialized, skipping
Refreshing native plugins compatible for Editor in 0.21 ms, found 0 plugins.
Preloading 0 native plugins for Editor in 0.00 ms.
Unloading 1128 Unused Serialized files (Serialized files now loaded: 0)
System memory in use before: 58.3 MB.
System memory in use after: 58.4 MB.

Unloading 4 unused Assets to reduce memory usage. Loaded Objects now: 1597.
Total: 1.521900 ms (FindLiveObjects: 0.158800 ms CreateObjectMapping: 0.045400 ms MarkObjects: 1.304400 ms  DeleteObjects: 0.012400 ms)

========================================================================
Received Import Request.
  Time since last request: 1142.560418 seconds.
  path: Assets/Scripts/MapDisplay.cs
  artifactKey: Guid(9d3de8c75770d1b499e9a3abd987fe62) Importer(815301076,1909f56bfc062723c751e8b465ee728b)
Start importing Assets/Scripts/MapDisplay.cs using Guid(9d3de8c75770d1b499e9a3abd987fe62) Importer(815301076,1909f56bfc062723c751e8b465ee728b)  -> (artifact id: '5894b355f47590c623432128a25165bf') in 0.011668 seconds
  Import took 0.014525 seconds .

========================================================================
Received Prepare
Registering precompiled user dll's ...
Registered in 0.000497 seconds.
Begin MonoManager ReloadAssembly
Native extension for WindowsStandalone target not found
Refreshing native plugins compatible for Editor in 0.24 ms, found 0 plugins.
Preloading 0 native plugins for Editor in 0.00 ms.
Invoked RoslynAnalysisRunner static constructor.
RoslynAnalysisRunner will not be running.
RoslynAnalysisRunner has terminated.
Mono: successfully reloaded assembly
- Completed reload, in  0.936 seconds
Platform modules already initialized, skipping
Refreshing native plugins compatible for Editor in 0.34 ms, found 0 plugins.
Preloading 0 native plugins for Editor in 0.00 ms.
Unloading 1128 Unused Serialized files (Serialized files now loaded: 0)
System memory in use before: 58.3 MB.
System memory in use after: 58.4 MB.

Unloading 4 unused Assets to reduce memory usage. Loaded Objects now: 1600.
Total: 2.035400 ms (FindLiveObjects: 0.194700 ms CreateObjectMapping: 0.047200 ms MarkObjects: 1.774800 ms  DeleteObjects: 0.017600 ms)

========================================================================
Received Import Request.
  Time since last request: 36.514681 seconds.
  path: Assets/Scripts/MapPreview.cs
  artifactKey: Guid(9d3de8c75770d1b499e9a3abd987fe62) Importer(815301076,1909f56bfc062723c751e8b465ee728b)
Start importing Assets/Scripts/MapPreview.cs using Guid(9d3de8c75770d1b499e9a3abd987fe62) Importer(815301076,1909f56bfc062723c751e8b465ee728b)  -> (artifact id: '14ab2c166011e9fd28a1eddb065ee636') in 0.009757 seconds
  Import took 0.012622 seconds .

========================================================================
Received Prepare
Registering precompiled user dll's ...
Registered in 0.000920 seconds.
Begin MonoManager ReloadAssembly
Native extension for WindowsStandalone target not found
Refreshing native plugins compatible for Editor in 0.22 ms, found 0 plugins.
Preloading 0 native plugins for Editor in 0.00 ms.
Invoked RoslynAnalysisRunner static constructor.
RoslynAnalysisRunner will not be running.
RoslynAnalysisRunner has terminated.
Mono: successfully reloaded assembly
- Completed reload, in  0.911 seconds
Platform modules already initialized, skipping
Refreshing native plugins compatible for Editor in 0.21 ms, found 0 plugins.
Preloading 0 native plugins for Editor in 0.00 ms.
Unloading 1128 Unused Serialized files (Serialized files now loaded: 0)
System memory in use before: 58.3 MB.
System memory in use after: 58.4 MB.

Unloading 4 unused Assets to reduce memory usage. Loaded Objects now: 1603.
Total: 2.101800 ms (FindLiveObjects: 0.184600 ms CreateObjectMapping: 0.050700 ms MarkObjects: 1.845500 ms  DeleteObjects: 0.018500 ms)

========================================================================
Received Import Request.
  Time since last request: 398.774622 seconds.
  path: Assets/Scripts/MapPreview.cs
  artifactKey: Guid(9d3de8c75770d1b499e9a3abd987fe62) Importer(815301076,1909f56bfc062723c751e8b465ee728b)
Start importing Assets/Scripts/MapPreview.cs using Guid(9d3de8c75770d1b499e9a3abd987fe62) Importer(815301076,1909f56bfc062723c751e8b465ee728b)  -> (artifact id: '99e4c43e45661fbc6e626db0b772293b') in 0.004483 seconds
  Import took 0.006436 seconds .

========================================================================
Received Import Request.
  Time since last request: 25.994026 seconds.
  path: Assets/Scripts/MapGenerator.cs
  artifactKey: Guid(bc4032450614369468a524f39baa7770) Importer(815301076,1909f56bfc062723c751e8b465ee728b)
Start importing Assets/Scripts/MapGenerator.cs using Guid(bc4032450614369468a524f39baa7770) Importer(815301076,1909f56bfc062723c751e8b465ee728b)  -> (artifact id: 'd25fa4c9c997fb07af57ca7344356339') in 0.010329 seconds
  Import took 0.012925 seconds .

========================================================================
Received Import Request.
  Time since last request: 0.003304 seconds.
  path: Assets/Scripts/MapGenerator.cs
  artifactKey: Guid(bc4032450614369468a524f39baa7770) Importer(815301076,1909f56bfc062723c751e8b465ee728b)
Start importing Assets/Scripts/MapGenerator.cs using Guid(bc4032450614369468a524f39baa7770) Importer(815301076,1909f56bfc062723c751e8b465ee728b)  -> (artifact id: 'd25fa4c9c997fb07af57ca7344356339') in 0.002941 seconds
  Import took 0.005709 seconds .

========================================================================
Received Import Request.
  Time since last request: 29.326732 seconds.
  path: Assets/Editor/MapGeneratorEditor.cs
  artifactKey: Guid(01e299093bede3940824a34021f811e8) Importer(815301076,1909f56bfc062723c751e8b465ee728b)
Start importing Assets/Editor/MapGeneratorEditor.cs using Guid(01e299093bede3940824a34021f811e8) Importer(815301076,1909f56bfc062723c751e8b465ee728b)  -> (artifact id: 'dd1aad1c81850e7a6bda8125fdf16c99') in 0.006550 seconds
  Import took 0.008633 seconds .

========================================================================
Received Import Request.
  Time since last request: 0.000549 seconds.
  path: Assets/Editor/MapGeneratorEditor.cs
  artifactKey: Guid(01e299093bede3940824a34021f811e8) Importer(815301076,1909f56bfc062723c751e8b465ee728b)
Start importing Assets/Editor/MapGeneratorEditor.cs using Guid(01e299093bede3940824a34021f811e8) Importer(815301076,1909f56bfc062723c751e8b465ee728b)  -> (artifact id: 'dd1aad1c81850e7a6bda8125fdf16c99') in 0.003410 seconds
  Import took 0.006076 seconds .

========================================================================
Received Prepare
Registering precompiled user dll's ...
Registered in 0.000543 seconds.
Begin MonoManager ReloadAssembly
Native extension for WindowsStandalone target not found
Refreshing native plugins compatible for Editor in 0.24 ms, found 0 plugins.
Preloading 0 native plugins for Editor in 0.00 ms.
Invoked RoslynAnalysisRunner static constructor.
RoslynAnalysisRunner will not be running.
RoslynAnalysisRunner has terminated.
Mono: successfully reloaded assembly
- Completed reload, in  1.479 seconds
Platform modules already initialized, skipping
Refreshing native plugins compatible for Editor in 0.44 ms, found 0 plugins.
Preloading 0 native plugins for Editor in 0.00 ms.
Unloading 1127 Unused Serialized files (Serialized files now loaded: 0)
System memory in use before: 58.3 MB.
System memory in use after: 58.4 MB.

Unloading 4 unused Assets to reduce memory usage. Loaded Objects now: 1606.
Total: 1.677900 ms (FindLiveObjects: 0.155100 ms CreateObjectMapping: 0.045500 ms MarkObjects: 1.461600 ms  DeleteObjects: 0.014900 ms)

========================================================================
Received Import Request.
  Time since last request: 70.437313 seconds.
  path: Assets/Editor/MapPreviewEditor.cs
  artifactKey: Guid(01e299093bede3940824a34021f811e8) Importer(815301076,1909f56bfc062723c751e8b465ee728b)
Start importing Assets/Editor/MapPreviewEditor.cs using Guid(01e299093bede3940824a34021f811e8) Importer(815301076,1909f56bfc062723c751e8b465ee728b)  -> (artifact id: '1bfe9a9af4fccbbbe582e718f5d135a0') in 0.008901 seconds
  Import took 0.011550 seconds .

========================================================================
Received Prepare
Registering precompiled user dll's ...
Registered in 0.000577 seconds.
Begin MonoManager ReloadAssembly
Native extension for WindowsStandalone target not found
Refreshing native plugins compatible for Editor in 0.23 ms, found 0 plugins.
Preloading 0 native plugins for Editor in 0.00 ms.
Invoked RoslynAnalysisRunner static constructor.
RoslynAnalysisRunner will not be running.
RoslynAnalysisRunner has terminated.
Mono: successfully reloaded assembly
- Completed reload, in  0.859 seconds
Platform modules already initialized, skipping
Refreshing native plugins compatible for Editor in 0.23 ms, found 0 plugins.
Preloading 0 native plugins for Editor in 0.00 ms.
Unloading 1127 Unused Serialized files (Serialized files now loaded: 0)
System memory in use before: 58.3 MB.
System memory in use after: 58.4 MB.

Unloading 4 unused Assets to reduce memory usage. Loaded Objects now: 1609.
Total: 1.882600 ms (FindLiveObjects: 0.196000 ms CreateObjectMapping: 0.055400 ms MarkObjects: 1.614800 ms  DeleteObjects: 0.014400 ms)

========================================================================
Received Import Request.
  Time since last request: 352.036796 seconds.
  path: Assets/Scripts/TextureGenerator.cs
  artifactKey: Guid(94a3e19dd9cba20448efcaff36485a5f) Importer(815301076,1909f56bfc062723c751e8b465ee728b)
Start importing Assets/Scripts/TextureGenerator.cs using Guid(94a3e19dd9cba20448efcaff36485a5f) Importer(815301076,1909f56bfc062723c751e8b465ee728b)  -> (artifact id: '262b3e74b4283960e3121fb94263447c') in 0.009829 seconds
  Import took 0.012665 seconds .

========================================================================
Received Prepare
Registering precompiled user dll's ...
Registered in 0.000515 seconds.
Begin MonoManager ReloadAssembly
Native extension for WindowsStandalone target not found
Refreshing native plugins compatible for Editor in 0.41 ms, found 0 plugins.
Preloading 0 native plugins for Editor in 0.00 ms.
Invoked RoslynAnalysisRunner static constructor.
RoslynAnalysisRunner will not be running.
RoslynAnalysisRunner has terminated.
Mono: successfully reloaded assembly
- Completed reload, in  1.046 seconds
Platform modules already initialized, skipping
Refreshing native plugins compatible for Editor in 0.20 ms, found 0 plugins.
Preloading 0 native plugins for Editor in 0.00 ms.
Unloading 1127 Unused Serialized files (Serialized files now loaded: 0)
System memory in use before: 58.3 MB.
System memory in use after: 58.4 MB.

Unloading 4 unused Assets to reduce memory usage. Loaded Objects now: 1612.
Total: 1.491200 ms (FindLiveObjects: 0.156400 ms CreateObjectMapping: 0.042300 ms MarkObjects: 1.279300 ms  DeleteObjects: 0.012600 ms)

========================================================================
Received Import Request.
  Time since last request: 180.485167 seconds.
  path: Assets/Scripts/TextureGenerator.cs
  artifactKey: Guid(94a3e19dd9cba20448efcaff36485a5f) Importer(815301076,1909f56bfc062723c751e8b465ee728b)
Start importing Assets/Scripts/TextureGenerator.cs using Guid(94a3e19dd9cba20448efcaff36485a5f) Importer(815301076,1909f56bfc062723c751e8b465ee728b)  -> (artifact id: 'd3e00950e98d2bf6ec03373e7e19cf59') in 0.005358 seconds
  Import took 0.008528 seconds .

========================================================================
Received Prepare
Registering precompiled user dll's ...
Registered in 0.000828 seconds.
Begin MonoManager ReloadAssembly
Native extension for WindowsStandalone target not found
Refreshing native plugins compatible for Editor in 0.23 ms, found 0 plugins.
Preloading 0 native plugins for Editor in 0.00 ms.
Invoked RoslynAnalysisRunner static constructor.
RoslynAnalysisRunner will not be running.
RoslynAnalysisRunner has terminated.
Mono: successfully reloaded assembly
- Completed reload, in  0.827 seconds
Platform modules already initialized, skipping
Refreshing native plugins compatible for Editor in 0.22 ms, found 0 plugins.
Preloading 0 native plugins for Editor in 0.00 ms.
Unloading 1127 Unused Serialized files (Serialized files now loaded: 0)
System memory in use before: 58.3 MB.
System memory in use after: 58.4 MB.

Unloading 4 unused Assets to reduce memory usage. Loaded Objects now: 1615.
Total: 1.763000 ms (FindLiveObjects: 0.186800 ms CreateObjectMapping: 0.042900 ms MarkObjects: 1.512300 ms  DeleteObjects: 0.019400 ms)

========================================================================
Received Prepare
Registering precompiled user dll's ...
Registered in 0.000521 seconds.
Begin MonoManager ReloadAssembly
Native extension for WindowsStandalone target not found
Refreshing native plugins compatible for Editor in 0.20 ms, found 0 plugins.
Preloading 0 native plugins for Editor in 0.00 ms.
Invoked RoslynAnalysisRunner static constructor.
RoslynAnalysisRunner will not be running.
RoslynAnalysisRunner has terminated.
Mono: successfully reloaded assembly
- Completed reload, in  0.751 seconds
Platform modules already initialized, skipping
Refreshing native plugins compatible for Editor in 0.19 ms, found 0 plugins.
Preloading 0 native plugins for Editor in 0.00 ms.
Unloading 1127 Unused Serialized files (Serialized files now loaded: 0)
System memory in use before: 58.3 MB.
System memory in use after: 58.4 MB.

Unloading 4 unused Assets to reduce memory usage. Loaded Objects now: 1618.
Total: 1.514600 ms (FindLiveObjects: 0.138300 ms CreateObjectMapping: 0.037300 ms MarkObjects: 1.324200 ms  DeleteObjects: 0.014000 ms)

========================================================================
Received Import Request.
  Time since last request: 1415.291888 seconds.
  path: Assets/Scripts/Data/MeshSettings.cs
  artifactKey: Guid(7716cef4ab9fb0e4c88297bd017a3ee9) Importer(815301076,1909f56bfc062723c751e8b465ee728b)
Start importing Assets/Scripts/Data/MeshSettings.cs using Guid(7716cef4ab9fb0e4c88297bd017a3ee9) Importer(815301076,1909f56bfc062723c751e8b465ee728b)  -> (artifact id: 'e9be9d556aa8df4e1ad4961f41a066b5') in 0.043299 seconds
  Import took 0.045776 seconds .

========================================================================
Received Prepare
Registering precompiled user dll's ...
Registered in 0.000586 seconds.
Begin MonoManager ReloadAssembly
Native extension for WindowsStandalone target not found
Refreshing native plugins compatible for Editor in 0.35 ms, found 0 plugins.
Preloading 0 native plugins for Editor in 0.00 ms.
Invoked RoslynAnalysisRunner static constructor.
RoslynAnalysisRunner will not be running.
RoslynAnalysisRunner has terminated.
Mono: successfully reloaded assembly
- Completed reload, in  0.995 seconds
Platform modules already initialized, skipping
Refreshing native plugins compatible for Editor in 0.21 ms, found 0 plugins.
Preloading 0 native plugins for Editor in 0.00 ms.
Unloading 1127 Unused Serialized files (Serialized files now loaded: 0)
System memory in use before: 58.3 MB.
System memory in use after: 58.4 MB.

Unloading 4 unused Assets to reduce memory usage. Loaded Objects now: 1621.
Total: 1.537900 ms (FindLiveObjects: 0.150200 ms CreateObjectMapping: 0.037700 ms MarkObjects: 1.331100 ms  DeleteObjects: 0.018000 ms)

========================================================================
Received Import Request.
  Time since last request: 1770.721638 seconds.
  path: Assets/Scripts/Data/MeshSettings.cs
  artifactKey: Guid(7716cef4ab9fb0e4c88297bd017a3ee9) Importer(815301076,1909f56bfc062723c751e8b465ee728b)
Start importing Assets/Scripts/Data/MeshSettings.cs using Guid(7716cef4ab9fb0e4c88297bd017a3ee9) Importer(815301076,1909f56bfc062723c751e8b465ee728b)  -> (artifact id: '3538889c95c05b98fd5a3129bc5cd901') in 0.003763 seconds
  Import took 0.006234 seconds .

AssetImportWorkerClient::OnTransportError - code=2 error=End of file
